Arguments: 
  /home/mukesh/.nvm/versions/node/v8.9.4/bin/node /srv/zulip-yarn/bin/yarn.js install

PATH: 
  /home/mukesh/.nvm/versions/node/v8.9.4/bin:/home/mukesh/bin:/home/mukesh/.local/bin:/usr/local/sbin:/usr/local/bin:/usr/sbin:/usr/bin:/sbin:/bin:/usr/games:/usr/local/games:/snap/bin

Yarn version: 
  0.27.5

Node version: 
  8.9.4

Platform: 
  linux x64

npm manifest: 
  {
    "name": "react_redux",
    "version": "1.0.0",
    "scripts": {
      "start": "gulp buildWithRoot",
      "build": "gulp",
      "watch": "gulp"
    },
    "dependencies": {
      "babel-plugin-transform-runtime": "^6.23.0",
      "babel-polyfill": "^6.26.0",
      "babel-preset-es2015": "^6.24.1",
      "babel-preset-react": "^6.24.1",
      "babel-preset-stage-1": "^6.24.1",
      "babel-eslint": "^8.2.2",
      "babel-register": "^6.26.0",
      "css-modulesify": "^0.28.0",
      "docuri": "^4.2.2",
      "eslint": "^4.18.2",
      "eslint-plugin-prettier": "^2.6.0",
      "eslint-plugin-react": "^7.7.0",
      "gulp-connect": "^5.5.0",
      "gulp-eslint": "^4.0.2",
      "gulp-identity": "^0.1.0",
      "gulp-livereload": "^3.8.1",
      "gulp-run": "^1.7.1",
      "gulp-sequence": "^1.0.0",
      "gulp-stylelint": "^7.0.0",
      "gulp-uglify": "^3.0.0",
      "gulp-zip": "^4.1.0",
      "lodash": "^4.17.5",
      "page-metadata-parser": "^1.1.2",
      "postcss-cssnext": "^3.1.0",
      "prop-types": "^15.6.1",
      "react": "^16.2.0",
      "react-bootstrap": "^0.32.1",
      "react-dom": "^16.2.0",
      "react-redux": "^5.0.7",
      "react-router": "^4.2.0",
      "react-router-dom": "^4.2.2",
      "redux": "^3.7.2",
      "redux-act": "^1.7.3",
      "redux-observable": "^0.18.0",
      "redux-thunk": "^2.2.0",
      "rxjs": "^5.5.6",
      "stylelint": "^9.1.1"
    },
    "devDependencies": {
      "babel-core": "^6.26.0",
      "babelify": "^8.0.0",
      "browserify": "^16.1.0",
      "gulp": "^3.9.1",
      "loose-envify": "^1.3.1",
      "redux-devtools": "^3.4.1",
      "redux-devtools-dock-monitor": "^1.1.3",
      "redux-devtools-log-monitor": "^1.4.0",
      "vinyl-source-stream": "^2.0.0",
      "watchify": "^3.11.0"
    },
    "browserify": {
      "transform": [
        "babelify"
      ]
    }
  }

yarn manifest: 
  No manifest

Lockfile: 
  No lockfile

Trace: 
  Error: connect ECONNREFUSED 172.16.12.2:3128
      at Object._errnoException (util.js:1022:11)
      at _exceptionWithHostPort (util.js:1044:20)
      at TCPConnectWrap.afterConnect [as oncomplete] (net.js:1182:14)
